2024-04-18 15:41:20,515 - INFO - Project started
2024-04-18 15:41:20,515 - INFO - Sent message: Hello from sender!
2024-04-18 15:41:20,515 - INFO - Sent message: Hello from sender!
2024-04-18 15:41:20,515 - INFO - Received message: b'Hello from sender!'
2024-04-18 15:41:20,515 - INFO - Received message: b'Hello from sender!'
2024-04-18 15:41:20,715 - INFO - Project started
2024-04-18 15:41:20,733 - INFO - Received message: b'Hello from sender!'
-18 15:41:20,733 - INFO - Sent message: Hello from sender!
2024-04-18 15:41:20,733 - INFO - Received message: b'Hello from sender!'
2024-04-18 15:41:20,733 - INFO - Received message: b'Hello from sender!'
2024-04-18 15:41:20,793 - INFO - Sent message: Message from main
2024-04-18 15:41:20,793 - INFO - Received message: b'Message from main'
2024-04-18 15:41:20,793 - INFO - Sent message: Message from main
2024-04-18 15:41:20,793 - INFO - Received message: b'Message from main'
2024-04-18 15:41:20,793 - INFO - Sent message: Message from main
2024-04-18 15:41:20,793 - INFO - Received message: b'Message from main'
2024-04-18 15:41:20,801 - INFO - Sent message: Message from main
2024-04-18 15:41:20,801 - INFO - Sent message: Message from main
2024-04-18 15:41:20,801 - INFO - Sent message: Message from main
main'
2024-04-18 15:41:20,801 - INFO - Sent message: Message from main
2024-04-18 15:41:20,801 - INFO - Received message: b'Message from main'
2024-04-18 15:41:20,801 - INFO - Received message: b'Message from main'
2024-04-18 15:41:20,801 - INFO - Received message: b'Message from main'
2024-04-18 15:41:20,801 - INFO - Main processed message: Message from main
2024-04-18 15:41:20,801 - INFO - Main processed message: Message from main
2024-04-18 15:41:20,801 - INFO - Main processed message: Message from main
2024-04-18 15:41:20,801 - INFO - Main processed message: Message from main
2024-04-18 15:41:20,825 - INFO - Sent message: Message from sender at 1713435080.815863
2024-04-18 15:41:20,825 - INFO - Sent message: Message from sender at 1713435080.815863
2024-04-18 15:41:20,825 - INFO - Sent message: Message from sender at 1713435080.815863
2024-04-18 15:41:20,825 - INFO - Sent message: Message from sender at 1713435080.815863
2024-04-18 15:41:20,825 - INFO - Received message: b'Message from sender at 1713435080.815863'
2024-04-18 15:41:20,825 - INFO - Received message: b'Message from sender at 1713435080.815863'
2024-04-18 15:41:20,825 - INFO - Received message: b'Message from sender at 1713435080.815863'
2024-04-18 15:41:20,825 - INFO - Received message: b'Message from sender at 1713435080.815863'
2024-04-18 15:41:20,982 - INFO - Project started
2024-04-18 15:41:21,008 - INFO - Received message: b'Hello from sender!'
2024-04-18 15:41:21,008 - INFO - Sent message: Hello from sender!
2024-04-18 15:41:21,008 - INFO - Received message: b'Hello from sender!'
2024-04-18 15:41:21,008 - INFO - Received message: b'Hello from sender!'
2024-04-18 15:41:21,008 - INFO - Received message: b'Hello from sender!'
2024-04-18 15:41:21,187 - INFO - Project started
2024-04-18 15:41:21,199 - INFO - Sent message: Hello from sender!
2024-04-18 15:41:21,199 - INFO - Received message: b'Hello from sender!'
2024-04-18 15:41:21,199 - INFO - Sent message: Hello from sender!
2024-04-18 15:41:21,199 - INFO - Received message: b'Hello from sender!'
2024-04-18 15:41:21,199 - INFO - Received message: b'Hello from sender!'
2024-04-18 15:41:21,199 - INFO - Received message: b'Hello from sender!'
2024-04-18 15:41:21,828 - INFO - Sent message: Message from sender at 1713435081.8288624
2024-04-18 15:41:21,828 - INFO - Sent message: Message from sender at 1713435081.8288624
2024-04-18 15:41:21,828 - INFO - Received message: b'Message from sender at 1713435081.8288624'
2024-04-18 15:41:21,828 - INFO - Sent message: Message from sender at 1713435081.8288624
2024-04-18 15:41:21,828 - INFO - Received message: b'Message from sender at 1713435081.8288624'
2024-04-18 15:41:21,828 - INFO - Sent message: Message from sender at 1713435081.8288624
2024-04-18 15:41:21,828 - INFO - Received message: b'Message from sender at 1713435081.8288624'
2024-04-18 15:41:21,828 - INFO - Received message: b'Message from sender at 1713435081.8288624'
2024-04-18 15:41:22,832 - INFO - Received message: b'Message from sender at 1713435082.831007'
2024-04-18 15:41:22,832 - INFO - Received message: b'Message from sender at 1713435082.831007'
2024-04-18 15:41:22,832 - INFO - Sent message: Message from sender at 1713435082.831007
2024-04-18 15:41:22,832 - INFO - Received message: b'Message from sender at 1713435082.831007'
2024-04-18 15:41:22,832 - INFO - Sent message: Message from sender at 1713435082.831007
2024-04-18 15:41:22,832 - INFO - Received message: b'Message from sender at 1713435082.831007'
2024-04-18 15:41:22,832 - INFO - Sent message: Message from sender at 1713435082.831007
2024-04-18 15:41:22,832 - INFO - Sent message: Message from sender at 1713435082.831007
2024-04-18 15:41:23,833 - INFO - Sent message: Message from sender at 1713435083.8336747
2024-04-18 15:41:23,833 - INFO - Sent message: Message from sender at 1713435083.8336747
2024-04-18 15:41:23,833 - INFO - Received message: b'Message from sender at 1713435083.8336747'
2024-04-18 15:41:23,833 - INFO - Sent message: Message from sender at 1713435083.8336747
2024-04-18 15:41:23,833 - INFO - Received message: b'Message from sender at 1713435083.8336747'
2024-04-18 15:41:23,833 - INFO - Sent message: Message from sender at 1713435083.8336747
2024-04-18 15:41:23,833 - INFO - Received message: b'Message from sender at 1713435083.8336747'
2024-04-18 15:41:23,833 - INFO - Received message: b'Message from sender at 1713435083.8336747'
2024-04-18 15:41:24,835 - INFO - Sent message: Message from sender at 1713435084.8356202
2024-04-18 15:41:24,835 - INFO - Sent message: Message from sender at 1713435084.8356202
2024-04-18 15:41:24,835 - INFO - Received message: b'Message from sender at 1713435084.8356202'
2024-04-18 15:41:24,835 - INFO - Sent message: Message from sender at 1713435084.8356202
2024-04-18 15:41:24,835 - INFO - Received message: b'Message from sender at 1713435084.8356202'
2024-04-18 15:41:24,835 - INFO - Sent message: Message from sender at 1713435084.8356202
2024-04-18 15:41:24,835 - INFO - Received message: b'Message from sender at 1713435084.8356202'
2024-04-18 15:41:24,835 - INFO - Received message: b'Message from sender at 1713435084.8356202'
2024-04-18 15:41:25,837 - INFO - Sent message: Message from sender at 1713435085.8378615
2024-04-18 15:41:25,837 - INFO - Sent message: Message from sender at 1713435085.8378615
2024-04-18 15:41:25,837 - INFO - Received message: b'Message from sender at 1713435085.8378615'
2024-04-18 15:41:25,837 - INFO - Sent message: Message from sender at 1713435085.8378615
2024-04-18 15:41:25,837 - INFO - Received message: b'Message from sender at 1713435085.8378615'
2024-04-18 15:41:25,837 - INFO - Sent message: Message from sender at 1713435085.8378615
2024-04-18 15:41:25,837 - INFO - Received message: b'Message from sender at 1713435085.8378615'
2024-04-18 15:41:25,837 - INFO - Received message: b'Message from sender at 1713435085.8378615'
2024-04-18 15:41:26,848 - INFO - Received message: b'Message from sender at 1713435086.8476038'
2024-04-18 15:41:26,848 - INFO - Received message: b'Message from sender at 1713435086.8476038'
2024-04-18 15:41:26,848 - INFO - Sent message: Message from sender at 1713435086.8476038
2024-04-18 15:41:26,848 - INFO - Received message: b'Message from sender at 1713435086.8476038'
2024-04-18 15:41:26,848 - INFO - Sent message: Message from sender at 1713435086.8476038
2024-04-18 15:41:26,848 - INFO - Received message: b'Message from sender at 1713435086.8476038'
2024-04-18 15:41:26,848 - INFO - Sent message: Message from sender at 1713435086.8476038
2024-04-18 15:41:26,848 - INFO - Sent message: Message from sender at 1713435086.8476038
2024-04-18 15:41:27,850 - INFO - Sent message: Message from sender at 1713435087.850572
2024-04-18 15:41:27,850 - INFO - Sent message: Message from sender at 1713435087.850572
2024-04-18 15:41:27,850 - INFO - Sent message: Message from sender at 1713435087.850572
0572'
2024-04-18 15:41:27,850 - INFO - Received message: b'Message from sender at 1713435087.850572'
2024-04-18 15:41:27,850 - INFO - Sent message: Message from sender at 1713435087.850572
2024-04-18 15:41:27,850 - INFO - Received message: b'Message from sender at 1713435087.850572'
2024-04-18 15:41:27,850 - INFO - Received message: b'Message from sender at 1713435087.850572'
2024-04-18 15:41:28,852 - INFO - Sent message: Message from sender at 1713435088.8528268
2024-04-18 15:41:28,852 - INFO - Sent message: Message from sender at 1713435088.8528268
2024-04-18 15:41:28,852 - INFO - Received message: b'Message from sender at 1713435088.8528268'
2024-04-18 15:41:28,852 - INFO - Sent message: Message from sender at 1713435088.8528268
2024-04-18 15:41:28,852 - INFO - Received message: b'Message from sender at 1713435088.8528268'
2024-04-18 15:41:28,852 - INFO - Sent message: Message from sender at 1713435088.8528268
2024-04-18 15:41:28,852 - INFO - Received message: b'Message from sender at 1713435088.8528268'
2024-04-18 15:41:28,852 - INFO - Received message: b'Message from sender at 1713435088.8528268'
2024-04-18 15:41:29,855 - INFO - Sent message: Message from sender at 1713435089.8550792
2024-04-18 15:41:29,855 - INFO - Sent message: Message from sender at 1713435089.8550792
2024-04-18 15:41:29,855 - INFO - Sent message: Message from sender at 1713435089.8550792
2024-04-18 15:41:29,855 - INFO - Received message: b'Message from sender at 1713435089.8550792'
2024-04-18 15:41:29,855 - INFO - Received message: b'Message from sender at 1713435089.8550792'
2024-04-18 15:41:29,855 - INFO - Sent message: Message from sender at 1713435089.8550792
2024-04-18 15:41:29,855 - INFO - Received message: b'Message from sender at 1713435089.8550792'
2024-04-18 15:41:29,855 - INFO - Received message: b'Message from sender at 1713435089.8550792'
2024-04-18 15:41:30,858 - INFO - Sent message: Message from sender at 1713435090.8580322
2024-04-18 15:41:30,858 - INFO - Sent message: Message from sender at 1713435090.8580322
2024-04-18 15:41:30,858 - INFO - Received message: b'Message from sender at 1713435090.8580322'
2024-04-18 15:41:30,858 - INFO - Sent message: Message from sender at 1713435090.8580322
2024-04-18 15:41:30,858 - INFO - Received message: b'Message from sender at 1713435090.8580322'
2024-04-18 15:41:30,858 - INFO - Sent message: Message from sender at 1713435090.8580322
2024-04-18 15:41:30,858 - INFO - Received message: b'Message from sender at 1713435090.8580322'
2024-04-18 15:41:30,858 - INFO - Received message: b'Message from sender at 1713435090.8580322'
2024-04-18 15:41:31,860 - INFO - Sent message: Message from sender at 1713435091.8602664
2024-04-18 15:41:31,860 - INFO - Sent message: Message from sender at 1713435091.8602664
2024-04-18 15:41:31,860 - INFO - Received message: b'Message from sender at 1713435091.8602664'
2024-04-18 15:41:31,860 - INFO - Sent message: Message from sender at 1713435091.8602664
2024-04-18 15:41:31,860 - INFO - Received message: b'Message from sender at 1713435091.8602664'
2024-04-18 15:41:31,860 - INFO - Sent message: Message from sender at 1713435091.8602664
2024-04-18 15:41:31,860 - INFO - Received message: b'Message from sender at 1713435091.8602664'
2024-04-18 15:41:31,860 - INFO - Received message: b'Message from sender at 1713435091.8602664'
2024-04-18 15:41:32,862 - INFO - Received message: b'Message from sender at 1713435092.8626287'
2024-04-18 15:41:32,862 - INFO - Received message: b'Message from sender at 1713435092.8626287'
2024-04-18 15:41:32,862 - INFO - Sent message: Message from sender at 1713435092.8626287
2024-04-18 15:41:32,862 - INFO - Received message: b'Message from sender at 1713435092.8626287'
2024-04-18 15:41:32,862 - INFO - Sent message: Message from sender at 1713435092.8626287
2024-04-18 15:41:32,862 - INFO - Received message: b'Message from sender at 1713435092.8626287'
2024-04-18 15:41:32,862 - INFO - Sent message: Message from sender at 1713435092.8626287
2024-04-18 15:41:32,862 - INFO - Sent message: Message from sender at 1713435092.8626287
2024-04-18 15:41:33,865 - INFO - Sent message: Message from sender at 1713435093.864986
2024-04-18 15:41:33,865 - INFO - Sent message: Message from sender at 1713435093.864986
2024-04-18 15:41:33,865 - INFO - Sent message: Message from sender at 1713435093.864986
2024-04-18 15:41:33,865 - INFO - Received message: b'Message from sender at 1713435093.864986'
2024-04-18 15:41:33,865 - INFO - Received message: b'Message from sender at 1713435093.864986'
2024-04-18 15:41:33,865 - INFO - Sent message: Message from sender at 1713435093.864986
2024-04-18 15:41:33,865 - INFO - Received message: b'Message from sender at 1713435093.864986'
2024-04-18 15:41:33,865 - INFO - Received message: b'Message from sender at 1713435093.864986'
2024-04-18 15:41:34,868 - INFO - Sent message: Message from sender at 1713435094.868149
2024-04-18 15:41:34,868 - INFO - Sent message: Message from sender at 1713435094.868149
2024-04-18 15:41:34,868 - INFO - Received message: b'Message from sender at 1713435094.868149'
2024-04-18 15:41:34,868 - INFO - Sent message: Message from sender at 1713435094.868149
2024-04-18 15:41:34,868 - INFO - Received message: b'Message from sender at 1713435094.868149'
2024-04-18 15:41:34,868 - INFO - Sent message: Message from sender at 1713435094.868149
2024-04-18 15:41:34,868 - INFO - Received message: b'Message from sender at 1713435094.868149'
2024-04-18 15:41:34,868 - INFO - Received message: b'Message from sender at 1713435094.868149'
2024-04-18 15:41:35,870 - INFO - Sent message: Message from sender at 1713435095.8704116
2024-04-18 15:41:35,870 - INFO - Sent message: Message from sender at 1713435095.8704116
2024-04-18 15:41:35,870 - INFO - Sent message: Message from sender at 1713435095.8704116
2024-04-18 15:41:35,870 - INFO - Sent message: Message from sender at 1713435095.8704116
2024-04-18 15:41:35,870 - INFO - Received message: b'Message from sender at 1713435095.8704116'
2024-04-18 15:41:35,870 - INFO - Received message: b'Message from sender at 1713435095.8704116'
2024-04-18 15:41:35,870 - INFO - Received message: b'Message from sender at 1713435095.8704116'
2024-04-18 15:41:35,870 - INFO - Received message: b'Message from sender at 1713435095.8704116'
2024-04-18 15:41:36,872 - INFO - Sent message: Message from sender at 1713435096.8726907
2024-04-18 15:41:36,872 - INFO - Sent message: Message from sender at 1713435096.8726907
2024-04-18 15:41:36,872 - INFO - Sent message: Message from sender at 1713435096.8726907
2024-04-18 15:41:36,872 - INFO - Received message: b'Message from sender at 1713435096.8726907'
2024-04-18 15:41:36,872 - INFO - Received message: b'Message from sender at 1713435096.8726907'
2024-04-18 15:41:36,872 - INFO - Sent message: Message from sender at 1713435096.8726907
2024-04-18 15:41:36,872 - INFO - Received message: b'Message from sender at 1713435096.8726907'
2024-04-18 15:41:36,872 - INFO - Received message: b'Message from sender at 1713435096.8726907'
2024-04-18 15:41:37,875 - INFO - Sent message: Message from sender at 1713435097.8754063
2024-04-18 15:41:37,875 - INFO - Sent message: Message from sender at 1713435097.8754063
2024-04-18 15:41:37,875 - INFO - Received message: b'Message from sender at 1713435097.8754063'
2024-04-18 15:41:37,875 - INFO - Sent message: Message from sender at 1713435097.8754063
2024-04-18 15:41:37,875 - INFO - Received message: b'Message from sender at 1713435097.8754063'
2024-04-18 15:41:37,875 - INFO - Sent message: Message from sender at 1713435097.8754063
2024-04-18 15:41:37,875 - INFO - Received message: b'Message from sender at 1713435097.8754063'
2024-04-18 15:41:37,875 - INFO - Received message: b'Message from sender at 1713435097.8754063'
2024-04-18 15:41:38,877 - INFO - Sent message: Message from sender at 1713435098.8779116
2024-04-18 15:41:38,877 - INFO - Sent message: Message from sender at 1713435098.8779116
2024-04-18 15:41:38,877 - INFO - Sent message: Message from sender at 1713435098.8779116
2024-04-18 15:41:38,877 - INFO - Sent message: Message from sender at 1713435098.8779116
2024-04-18 15:41:38,877 - INFO - Received message: b'Message from sender at 1713435098.8779116'
2024-04-18 15:41:38,877 - INFO - Received message: b'Message from sender at 1713435098.8779116'
2024-04-18 15:41:38,877 - INFO - Received message: b'Message from sender at 1713435098.8779116'
2024-04-18 15:41:38,877 - INFO - Received message: b'Message from sender at 1713435098.8779116'
2024-04-18 15:41:39,880 - INFO - Sent message: Message from sender at 1713435099.8804076
2024-04-18 15:41:39,880 - INFO - Sent message: Message from sender at 1713435099.8804076
2024-04-18 15:41:39,880 - INFO - Received message: b'Message from sender at 1713435099.8804076'
2024-04-18 15:41:39,880 - INFO - Sent message: Message from sender at 1713435099.8804076
2024-04-18 15:41:39,880 - INFO - Received message: b'Message from sender at 1713435099.8804076'
2024-04-18 15:41:39,880 - INFO - Sent message: Message from sender at 1713435099.8804076
2024-04-18 15:41:39,880 - INFO - Received message: b'Message from sender at 1713435099.8804076'
2024-04-18 15:41:39,880 - INFO - Received message: b'Message from sender at 1713435099.8804076'
2024-04-18 15:41:40,882 - INFO - Sent message: Message from sender at 1713435100.882485
2024-04-18 15:41:40,882 - INFO - Sent message: Message from sender at 1713435100.882485
2024-04-18 15:41:40,882 - INFO - Sent message: Message from sender at 1713435100.882485
2024-04-18 15:41:40,882 - INFO - Received message: b'Message from sender at 1713435100.882485'
2024-04-18 15:41:40,882 - INFO - Received message: b'Message from sender at 1713435100.882485'
2024-04-18 15:41:40,882 - INFO - Sent message: Message from sender at 1713435100.882485
2024-04-18 15:41:40,882 - INFO - Received message: b'Message from sender at 1713435100.882485'
2024-04-18 15:41:40,882 - INFO - Received message: b'Message from sender at 1713435100.882485'
2024-04-18 15:41:41,885 - INFO - Sent message: Message from sender at 1713435101.8857772
2024-04-18 15:41:41,885 - INFO - Sent message: Message from sender at 1713435101.8857772
2024-04-18 15:41:41,885 - INFO - Received message: b'Message from sender at 1713435101.8857772'
2024-04-18 15:41:41,885 - INFO - Sent message: Message from sender at 1713435101.8857772
2024-04-18 15:41:41,885 - INFO - Received message: b'Message from sender at 1713435101.8857772'
2024-04-18 15:41:41,885 - INFO - Sent message: Message from sender at 1713435101.8857772
2024-04-18 15:41:41,885 - INFO - Received message: b'Message from sender at 1713435101.8857772'
2024-04-18 15:41:41,885 - INFO - Received message: b'Message from sender at 1713435101.8857772'
2024-04-18 15:41:42,888 - INFO - Sent message: Message from sender at 1713435102.8885777
2024-04-18 15:41:42,888 - INFO - Sent message: Message from sender at 1713435102.8885777
2024-04-18 15:41:42,888 - INFO - Received message: b'Message from sender at 1713435102.8885777'
2024-04-18 15:41:42,888 - INFO - Sent message: Message from sender at 1713435102.8885777
2024-04-18 15:41:42,888 - INFO - Received message: b'Message from sender at 1713435102.8885777'
2024-04-18 15:41:42,888 - INFO - Sent message: Message from sender at 1713435102.8885777
2024-04-18 15:41:42,888 - INFO - Received message: b'Message from sender at 1713435102.8885777'
2024-04-18 15:41:42,888 - INFO - Received message: b'Message from sender at 1713435102.8885777'
2024-04-18 15:41:43,891 - INFO - Sent message: Message from sender at 1713435103.891188
2024-04-18 15:41:43,891 - INFO - Sent message: Message from sender at 1713435103.891188
2024-04-18 15:41:43,891 - INFO - Received message: b'Message from sender at 1713435103.891188'
2024-04-18 15:41:43,891 - INFO - Sent message: Message from sender at 1713435103.891188
2024-04-18 15:41:43,891 - INFO - Received message: b'Message from sender at 1713435103.891188'
2024-04-18 15:41:43,891 - INFO - Sent message: Message from sender at 1713435103.891188
2024-04-18 15:41:43,891 - INFO - Received message: b'Message from sender at 1713435103.891188'
2024-04-18 15:41:43,891 - INFO - Received message: b'Message from sender at 1713435103.891188'
2024-04-18 15:41:44,894 - INFO - Received message: b'Message from sender at 1713435104.8942132'
2024-04-18 15:41:44,894 - INFO - Received message: b'Message from sender at 1713435104.8942132'
2024-04-18 15:41:44,894 - INFO - Sent message: Message from sender at 1713435104.8942132
2024-04-18 15:41:44,894 - INFO - Received message: b'Message from sender at 1713435104.8942132'
2024-04-18 15:41:44,894 - INFO - Sent message: Message from sender at 1713435104.8942132
2024-04-18 15:41:44,894 - INFO - Received message: b'Message from sender at 1713435104.8942132'
2024-04-18 15:41:44,894 - INFO - Sent message: Message from sender at 1713435104.8942132
2024-04-18 15:41:44,894 - INFO - Sent message: Message from sender at 1713435104.8942132
2024-04-18 15:41:45,897 - INFO - Sent message: Message from sender at 1713435105.8978562
2024-04-18 15:41:45,897 - INFO - Sent message: Message from sender at 1713435105.8978562
2024-04-18 15:41:45,897 - INFO - Sent message: Message from sender at 1713435105.8978562
2024-04-18 15:41:45,897 - INFO - Received message: b'Message from sender at 1713435105.8978562'
2024-04-18 15:41:45,897 - INFO - Received message: b'Message from sender at 1713435105.8978562'
2024-04-18 15:41:45,897 - INFO - Sent message: Message from sender at 1713435105.8978562
2024-04-18 15:41:45,897 - INFO - Received message: b'Message from sender at 1713435105.8978562'
2024-04-18 15:41:45,897 - INFO - Received message: b'Message from sender at 1713435105.8978562'
2024-04-18 15:41:46,900 - INFO - Sent message: Message from sender at 1713435106.9009528
2024-04-18 15:41:46,900 - INFO - Sent message: Message from sender at 1713435106.9009528
2024-04-18 15:41:46,900 - INFO - Sent message: Message from sender at 1713435106.9009528
2024-04-18 15:41:46,900 - INFO - Received message: b'Message from sender at 1713435106.9009528'
2024-04-18 15:41:46,900 - INFO - Received message: b'Message from sender at 1713435106.9009528'
2024-04-18 15:41:46,900 - INFO - Sent message: Message from sender at 1713435106.9009528
2024-04-18 15:41:46,900 - INFO - Received message: b'Message from sender at 1713435106.9009528'
2024-04-18 15:41:46,900 - INFO - Received message: b'Message from sender at 1713435106.9009528'
2024-04-18 15:41:47,904 - INFO - Sent message: Message from sender at 1713435107.9041007
2024-04-18 15:41:47,904 - INFO - Sent message: Message from sender at 1713435107.9041007
2024-04-18 15:41:47,904 - INFO - Sent message: Message from sender at 1713435107.9041007
2024-04-18 15:41:47,904 - INFO - Sent message: Message from sender at 1713435107.9041007
2024-04-18 15:41:47,904 - INFO - Received message: b'Message from sender at 1713435107.9041007'
2024-04-18 15:41:47,904 - INFO - Received message: b'Message from sender at 1713435107.9041007'
2024-04-18 15:41:47,904 - INFO - Received message: b'Message from sender at 1713435107.9041007'
2024-04-18 15:41:47,904 - INFO - Received message: b'Message from sender at 1713435107.9041007'
2024-04-18 15:41:48,906 - INFO - Sent message: Message from sender at 1713435108.9063487
2024-04-18 15:41:48,906 - INFO - Sent message: Message from sender at 1713435108.9063487
2024-04-18 15:41:48,906 - INFO - Sent message: Message from sender at 1713435108.9063487
2024-04-18 15:41:48,906 - INFO - Sent message: Message from sender at 1713435108.9063487
2024-04-18 15:41:48,906 - INFO - Received message: b'Message from sender at 1713435108.9063487'
2024-04-18 15:41:48,906 - INFO - Received message: b'Message from sender at 1713435108.9063487'
2024-04-18 15:41:48,906 - INFO - Received message: b'Message from sender at 1713435108.9063487'
2024-04-18 15:41:48,906 - INFO - Received message: b'Message from sender at 1713435108.9063487'
2024-04-18 15:41:49,908 - INFO - Sent message: Message from sender at 1713435109.908966
2024-04-18 15:41:49,908 - INFO - Sent message: Message from sender at 1713435109.908966
2024-04-18 15:41:49,908 - INFO - Sent message: Message from sender at 1713435109.908966
2024-04-18 15:41:49,908 - INFO - Received message: b'Message from sender at 1713435109.908966'
2024-04-18 15:41:49,908 - INFO - Received message: b'Message from sender at 1713435109.908966'
2024-04-18 15:41:49,908 - INFO - Sent message: Message from sender at 1713435109.908966
2024-04-18 15:41:49,908 - INFO - Received message: b'Message from sender at 1713435109.908966'
2024-04-18 15:41:49,908 - INFO - Received message: b'Message from sender at 1713435109.908966'
2024-04-18 15:41:50,912 - INFO - Sent message: Message from sender at 1713435110.911983
2024-04-18 15:41:50,912 - INFO - Sent message: Message from sender at 1713435110.911983
2024-04-18 15:41:50,912 - INFO - Sent message: Message from sender at 1713435110.911983
2024-04-18 15:41:50,912 - INFO - Sent message: Message from sender at 1713435110.911983
2024-04-18 15:41:50,912 - INFO - Received message: b'Message from sender at 1713435110.911983'
2024-04-18 15:41:50,912 - INFO - Received message: b'Message from sender at 1713435110.911983'
2024-04-18 15:41:50,912 - INFO - Received message: b'Message from sender at 1713435110.911983'
2024-04-18 15:41:50,912 - INFO - Received message: b'Message from sender at 1713435110.911983'
2024-04-18 15:41:51,914 - INFO - Sent message: Message from sender at 1713435111.9144557
2024-04-18 15:41:51,914 - INFO - Sent message: Message from sender at 1713435111.9144557
2024-04-18 15:41:51,914 - INFO - Sent message: Message from sender at 1713435111.9144557
2024-04-18 15:41:51,914 - INFO - Sent message: Message from sender at 1713435111.9144557
2024-04-18 15:41:51,914 - INFO - Received message: b'Message from sender at 1713435111.9144557'
2024-04-18 15:41:51,914 - INFO - Received message: b'Message from sender at 1713435111.9144557'
2024-04-18 15:41:51,914 - INFO - Received message: b'Message from sender at 1713435111.9144557'
2024-04-18 15:41:51,914 - INFO - Received message: b'Message from sender at 1713435111.9144557'
2024-04-18 15:41:52,917 - INFO - Sent message: Message from sender at 1713435112.9173465
2024-04-18 15:41:52,917 - INFO - Sent message: Message from sender at 1713435112.9173465
2024-04-18 15:41:52,917 - INFO - Received message: b'Message from sender at 1713435112.9173465'
2024-04-18 15:41:52,917 - INFO - Sent message: Message from sender at 1713435112.9173465
2024-04-18 15:41:52,917 - INFO - Received message: b'Message from sender at 1713435112.9173465'
2024-04-18 15:41:52,917 - INFO - Sent message: Message from sender at 1713435112.9173465
2024-04-18 15:41:52,917 - INFO - Received message: b'Message from sender at 1713435112.9173465'
2024-04-18 15:41:52,917 - INFO - Received message: b'Message from sender at 1713435112.9173465'
2024-04-18 15:41:53,920 - INFO - Sent message: Message from sender at 1713435113.9207091
2024-04-18 15:41:53,920 - INFO - Sent message: Message from sender at 1713435113.9207091
2024-04-18 15:41:53,920 - INFO - Received message: b'Message from sender at 1713435113.9207091'
2024-04-18 15:41:53,920 - INFO - Sent message: Message from sender at 1713435113.9207091
2024-04-18 15:41:53,920 - INFO - Received message: b'Message from sender at 1713435113.9207091'
2024-04-18 15:41:53,920 - INFO - Sent message: Message from sender at 1713435113.9207091
2024-04-18 15:41:53,920 - INFO - Received message: b'Message from sender at 1713435113.9207091'
2024-04-18 15:41:53,920 - INFO - Received message: b'Message from sender at 1713435113.9207091'
2024-04-18 15:41:54,923 - INFO - Sent message: Message from sender at 1713435114.923812
2024-04-18 15:41:54,923 - INFO - Sent message: Message from sender at 1713435114.923812
2024-04-18 15:41:54,923 - INFO - Received message: b'Message from sender at 1713435114.923812'
2024-04-18 15:41:54,923 - INFO - Sent message: Message from sender at 1713435114.923812
2024-04-18 15:41:54,923 - INFO - Sent message: Message from sender at 1713435114.923812
2024-04-18 15:41:54,923 - INFO - Received message: b'Message from sender at 1713435114.923812'
2024-04-18 15:41:54,923 - INFO - Received message: b'Message from sender at 1713435114.923812'
2024-04-18 15:41:54,923 - INFO - Received message: b'Message from sender at 1713435114.923812'
2024-04-18 15:41:55,927 - INFO - Sent message: Message from sender at 1713435115.9266102
2024-04-18 15:41:55,927 - INFO - Sent message: Message from sender at 1713435115.9266102
2024-04-18 15:41:55,927 - INFO - Sent message: Message from sender at 1713435115.9266102
2024-04-18 15:41:55,927 - INFO - Sent message: Message from sender at 1713435115.9266102
2024-04-18 15:41:55,927 - INFO - Received message: b'Message from sender at 1713435115.9266102'
2024-04-18 15:41:55,927 - INFO - Received message: b'Message from sender at 1713435115.9266102'
2024-04-18 15:41:55,927 - INFO - Received message: b'Message from sender at 1713435115.9266102'
2024-04-18 15:41:55,927 - INFO - Received message: b'Message from sender at 1713435115.9266102'
2024-04-18 15:41:56,929 - INFO - Sent message: Message from sender at 1713435116.9290483
2024-04-18 15:41:56,929 - INFO - Sent message: Message from sender at 1713435116.9290483
2024-04-18 15:41:56,929 - INFO - Sent message: Message from sender at 1713435116.9290483
2024-04-18 15:41:56,929 - INFO - Received message: b'Message from sender at 1713435116.9290483'
2024-04-18 15:41:56,929 - INFO - Sent message: Message from sender at 1713435116.9290483
2024-04-18 15:41:56,929 - INFO - Received message: b'Message from sender at 1713435116.9290483'
2024-04-18 15:41:56,929 - INFO - Received message: b'Message from sender at 1713435116.9290483'
2024-04-18 15:41:56,929 - INFO - Received message: b'Message from sender at 1713435116.9290483'
2024-04-18 15:41:57,932 - INFO - Sent message: Message from sender at 1713435117.9323606
2024-04-18 15:41:57,932 - INFO - Sent message: Message from sender at 1713435117.9323606
2024-04-18 15:41:57,932 - INFO - Sent message: Message from sender at 1713435117.9323606
2024-04-18 15:41:57,932 - INFO - Sent message: Message from sender at 1713435117.9323606
2024-04-18 15:41:57,932 - INFO - Received message: b'Message from sender at 1713435117.9323606'
2024-04-18 15:41:57,932 - INFO - Received message: b'Message from sender at 1713435117.9323606'
2024-04-18 15:41:57,932 - INFO - Received message: b'Message from sender at 1713435117.9323606'
2024-04-18 15:41:57,932 - INFO - Received message: b'Message from sender at 1713435117.9323606'
2024-04-18 15:41:58,934 - INFO - Sent message: Message from sender at 1713435118.9342525
2024-04-18 15:41:58,934 - INFO - Sent message: Message from sender at 1713435118.9342525
2024-04-18 15:41:58,934 - INFO - Sent message: Message from sender at 1713435118.9342525
2024-04-18 15:41:58,934 - INFO - Sent message: Message from sender at 1713435118.9342525
2024-04-18 15:41:58,934 - INFO - Received message: b'Message from sender at 1713435118.9342525'
2024-04-18 15:41:58,934 - INFO - Received message: b'Message from sender at 1713435118.9342525'
2024-04-18 15:41:58,934 - INFO - Received message: b'Message from sender at 1713435118.9342525'
2024-04-18 15:41:58,934 - INFO - Received message: b'Message from sender at 1713435118.9342525'
2024-04-18 15:41:59,936 - INFO - Sent message: Message from sender at 1713435119.9366963
2024-04-18 15:41:59,936 - INFO - Sent message: Message from sender at 1713435119.9366963
2024-04-18 15:41:59,936 - INFO - Received message: b'Message from sender at 1713435119.9366963'
2024-04-18 15:41:59,936 - INFO - Sent message: Message from sender at 1713435119.9366963
2024-04-18 15:41:59,936 - INFO - Received message: b'Message from sender at 1713435119.9366963'
2024-04-18 15:41:59,936 - INFO - Sent message: Message from sender at 1713435119.9366963
2024-04-18 15:41:59,936 - INFO - Received message: b'Message from sender at 1713435119.9366963'
2024-04-18 15:41:59,936 - INFO - Received message: b'Message from sender at 1713435119.9366963'
2024-04-18 15:42:00,938 - INFO - Sent message: Message from sender at 1713435120.9386795
2024-04-18 15:42:00,938 - INFO - Sent message: Message from sender at 1713435120.9386795
2024-04-18 15:42:00,938 - INFO - Sent message: Message from sender at 1713435120.9386795
2024-04-18 15:42:00,938 - INFO - Received message: b'Message from sender at 1713435120.9386795'
2024-04-18 15:42:00,938 - INFO - Received message: b'Message from sender at 1713435120.9386795'
2024-04-18 15:42:00,938 - INFO - Sent message: Message from sender at 1713435120.9386795
2024-04-18 15:42:00,938 - INFO - Received message: b'Message from sender at 1713435120.9386795'
2024-04-18 15:42:00,938 - INFO - Received message: b'Message from sender at 1713435120.9386795'
2024-04-18 15:42:01,941 - INFO - Sent message: Message from sender at 1713435121.9415388
2024-04-18 15:42:01,941 - INFO - Sent message: Message from sender at 1713435121.9415388
2024-04-18 15:42:01,941 - INFO - Received message: b'Message from sender at 1713435121.9415388'
2024-04-18 15:42:01,941 - INFO - Sent message: Message from sender at 1713435121.9415388
2024-04-18 15:42:01,941 - INFO - Received message: b'Message from sender at 1713435121.9415388'
2024-04-18 15:42:01,941 - INFO - Sent message: Message from sender at 1713435121.9415388
2024-04-18 15:42:01,941 - INFO - Received message: b'Message from sender at 1713435121.9415388'
2024-04-18 15:42:01,941 - INFO - Received message: b'Message from sender at 1713435121.9415388'
2024-04-18 15:42:02,943 - INFO - Sent message: Message from sender at 1713435122.943869
2024-04-18 15:42:02,943 - INFO - Sent message: Message from sender at 1713435122.943869
2024-04-18 15:42:02,943 - INFO - Sent message: Message from sender at 1713435122.943869
2024-04-18 15:42:02,943 - INFO - Sent message: Message from sender at 1713435122.943869
2024-04-18 15:42:02,945 - INFO - Received message: b'Message from sender at 1713435122.943869'
2024-04-18 15:42:02,945 - INFO - Received message: b'Message from sender at 1713435122.943869'
2024-04-18 15:42:02,945 - INFO - Received message: b'Message from sender at 1713435122.943869'
2024-04-18 15:42:02,945 - INFO - Received message: b'Message from sender at 1713435122.943869'
2024-04-18 15:42:03,946 - INFO - Sent message: Message from sender at 1713435123.9460073
2024-04-18 15:42:03,946 - INFO - Sent message: Message from sender at 1713435123.9460073
2024-04-18 15:42:03,946 - INFO - Sent message: Message from sender at 1713435123.9460073
2024-04-18 15:42:03,946 - INFO - Received message: b'Message from sender at 1713435123.9460073'
2024-04-18 15:42:03,946 - INFO - Received message: b'Message from sender at 1713435123.9460073'
2024-04-18 15:42:03,946 - INFO - Sent message: Message from sender at 1713435123.9460073
2024-04-18 15:42:03,946 - INFO - Received message: b'Message from sender at 1713435123.9460073'
2024-04-18 15:42:03,946 - INFO - Received message: b'Message from sender at 1713435123.9460073'
